account size: 2854
0x800412b2cb04bc8368fef818da964e1ab7452c3e3217ea3f264d6d47db8c254219022cb413860bcb47544409bfb0f52f	32 ETH
0x80064ae30cbe23f9331be9fd1bc9044220d4e415010e372cc6da9442ccf03d66cff9282b72dc9beff7590967716cb7de	32 ETH
0x80082933242fd2d625e0264f1e90a9a75fdc33a2b7814f81fb85537550b436901638a99a1c01751b6ebd9cc46778a17d	32 ETH
0x800b8e3a6015f3d8585ca28c0608d2c9ffa517bc43c1c0c2cdeb48140544f33dacec84565dd1e3c5c62bbbba66528205	32 ETH
0x80123f7d8a76851a57e5607b4bb98ead1515f4f6a6fefe295318bb67331e7f488e43194c90cf98d60d705473b7b629a7	32 ETH
0x801569ca3039ef70667b32dbbbd4b7b7113adb6c1046afa96aeefa2b49ef7bef83deb25f74948a62324a45d60ed14d4b	32 ETH
0x802598aa6ad08e861c4e381d87966f5e5b857794f4a2e01a1cfab1504988352dc345a88b044ae02d7565ddf2357c1c6e	32 ETH
0x802b4b22f308eb06caef67e05008d04a31aa13eb07efebebc49a62907e6ad3f37107304dbc2209efbc629035614cc698	32 ETH
0x802ea3b874a4509ef4a6f648439b04f225b3ada8fb6b10cf894964318e6235f6dcfd4f40c19a440def9d486f208e163a	32 ETH
0x803778b291a587a27d914e117febaa57cc24dc3d6f9b37899df769270e2cd1da7cf419cbab87477840ae5161d699f932	32 ETH
0x8040ed35d4ef0332151c37978a957b057c4825d86c1b29c68ab5eafe31a922191c048775367877e739f08659e1e82569	32 ETH
0x804259c0b740dfd35dff7fe3016792782adb6f906304fcf97df09fcb993243ba14fbf5990082385705a7d601f1ac8c95	32 ETH
0x8042d41963602290102d3670a44da29e19cdd2951f2a498c66e38f7ed8d54b2cbead9d612884a70750cea4ab147182ac	32 ETH
0x8043aee961e55ec254867db6b2ec0198eb713733d009193291d81ea99bbdaff8fe661ce4a3481d2068c7fcf3e154a00a	32 ETH
0x80443472844b8c000db4e0fd0723c0e6f9b87852bf8cdc6371cb7afb723343bd8449dae6683fb819cce11371a262d698	32 ETH
0x804925be43ae74530c8bb26b42323a5aea5486fbd1b5f5fccbc504dcd088e47cb09655592530bbf54f4c64a6d095256c	32 ETH
0x804bd59758c0375ed136ece557c58afe2b46b8b16085d887486ad3022a539d96569aaead79e76ff575d3a5b9c012f002	32 ETH
0x804ff44598cff21ce12fd506cbc727ef655b18ae3d531d13bfa3a8a554b8f7a8f92e1988b02f3821cf149210e0424333	32 ETH
0x8054f337885c4b0164f38dd8cbfd2d28ea01f23e64b9f650c145a4f578be1e08b00dd05d8f3bbcc381e834ed4249bedf	32 ETH
0x8055b2412fa059e7e40d8a04cdd36555763aa1de00f877dc098535889be576e1e3858c882fa5f1995b1d4a235ac6cb9d	32 ETH
0x8055c772124f65882c01c388c259dd88da1ced3ae484897c69cfea40a8b2bc66dbce64773130680fa00c846156d0b4df	32 ETH
0x80586307724c6cf441fa5f2d5184dd35a30b56b10b7abe7f66aeaaefc06fb3592695132833281d14b58adbac175888ae	32 ETH
0x80589f1f06d87e5c98006ab58a98d7aa01b7ff51103ffa9ca9fb34e12706f389d9a9e88679ffd0c61fde0bfa4db72518	32 ETH
0x805ce48952d38072fec7e8b1bfa6123db23c1051b6b265e85d61f6c0e2edd1ff053f3798060e62e3a49e01032412cc58	32 ETH
0x8063ba9a0f6d9fa9e49c1bf30bc6e00e6c52369f84f54ce9a3d9f88ae75a638ce97fbed5cd0de8febeb3c7881ec191f5	32 ETH
0x8069d5609231c9feb6d090b5d8f641849c7ffeea42fd2c77cb9802fd6e210573fc38cbe747a1491591c6736ea0c50e7f	32 ETH
0x8069f08846ecd5e990f7d76bc929abd53ab822dcb91dccbc96b1a97cc33594077dffe7fe12ed3a07f2be78564b72b6fe	32 ETH
0x807bfeaf956d187231227203d2fb0f3bcf9c80e9414257cc028d37619f00bfe91e060426f49746f55601b8f78d096e8f	32 ETH
0x807fa6021e9f15f6a3284958abb3ceb00e0d6b9ecdfc4fad7c3adbe281409b6ecda887bdec964592f2e4ff43c18b176f	32 ETH
0x80806550560dfbbeba599dc2397eddfd4d870806d5f9df77a2d5720784891d8ec9d443f4a348c48d3914fc780546ee72	32 ETH
0x8081e4ae0d0ffcba98640678cf60efb9570ea672b7205dae73dd83ae8f41f7e2aac45ab751175dd353563a68ec01d81e	32 ETH
0x808d4cbafbd70c56ae43fc94cdb7c8b67334cf0440ff174e33c1b5152d38a4ac6e51a7cdee06860217ab5e3a3ad38328	32 ETH
0x808f9c0b4db37b8960051004cf0651f57cb36551b862c029ea1d2f75d91ba77623bf29883400d6a108885eea18d6138d	32 ETH
0x809cae8fbc5c718593ea4219dc0b747010e9745382da7bf83f27304b8e0c91ae31e59cacd53156d13465ee02b79db877	32 ETH
0x80a4b46cd6d279f317c04627070e19681279fc517a58643bed953f044db18625f9ed060496bde2ce30a5d210a6560248	32 ETH
0x80b95424dbd92a568cb11a7e2e32da8310e8cb978e6f984eb0d373429f5678e8c559017730958d176cc31318427fb406	32 ETH
0x80bd0c70ba39a3c7c762c470bd5ea3f58133920f5b33bd9cbcd50a32b8c241dc54a10d9784e28d8aa33beb2f6cf0ea9b	32 ETH
0x80bd9b630818b5c389a2833e8c8e23668f6effcdc89a6e7780483eff368c3f759a09332c22dbb3830f3020a1e1db10b2	32 ETH
0x80beba76ce3ec75ac3d3e8c8c98ea6d8304fea2b7c245ab42f378cea87d20144d1c7597f100254a65d38bbdb0cec4dfb	32 ETH
0x80c5109844d5954dd8e06553662cb8c65956bdcfac2e41babdbc616ffcdc40adb55567aee29a077784ab271f6c99c1e1	32 ETH
0x80cc590b6a265f9c5db90873a6d93e9bb5727a94408ff99d9b9d23e0f7a98887c47d6f10381653e6e95542b4dae9f322	32 ETH
0x80d1ae57faa8a73ff541ff676e4ae3ae6b20e847885fc5ae2476611dec5b3e0dc25bb5e9502aeb06a540e8fb4ff3dc19	32 ETH
0x80d627b94ec561cf45398fd65b9c44e0f43f63b9ff023c31c908ada6a227b8b4828272aba389b3f35f72e557e2fe60b0	32 ETH
0x80dc2f6604b200f3e7e44c5d00f4ad671debca0f04c38021776ac6946b8a2c095a00a515c2f525c79d22e2ef37ef2b83	32 ETH
0x80dcd77a5c2a1153824caacd01488539fc5b3e4097454fcc1a5697e375692ad4d146dc7d0cbd6c0e0da33b9a2046a50a	32 ETH
0x80e2142735e3d9b8055a72f944c4424136e7ecb4c057bdae093cf0e693e7c4274f6244256d6e8f60cfa7c577ef6d7f32	32 ETH
0x80e9081bd3c5615e94c0ef0f05b214b7172f67fc79defcd9eec04282309219ce130af046cdd275f9e9bc7e6f76dcc85e	32 ETH
0x80fb25ae3a2f55a93e7b8600165ab354307d87ee42bb211dbe77e24c6a6fa12738f9b4553d11e2e6f046d51ddc644fdc	32 ETH
0x80ff25a93da2d6b1b90025b83f488ed845d5caee1b9d6e86112a9b8cf7b96155a16c3388b7e1b687d761b46f8fafa650	32 ETH
0x8109cf3967106fdf6e6119bbfdbf00810f5a30282ec0fd4436d9f24d7fedd6320cbc3f6243f01c74b75c6946c451b29b	32 ETH
0x810f9ef476c8cece0e3f62fad7dfb69fdf36ec50b85b9a1e3d0da5d61c522b9b1d8394551a9ff45a43fc2adf375eab47	32 ETH
0x8110602cc45499bfa2680cc7558c1ddb03f81ea73a5b42e3535c5a31c0ec949c486ee6609fbad4f597fdbaa50ccf9d06	32 ETH
0x8110eaebf0cf0d1868a6ddd40e9a2b82128efa09471343244078fff1328df184449989b700d4cc6aaef85d1e8d457e4a	32 ETH
0x811347dcad706332927b6a23b4569d0eb761cde965bd03a01a5d7db6f94d1a4eb5f061b829a6b3055bbab2b75e9896fb	32 ETH
0x811b120b0e2967b21d86add6cb3a7b052ae1e1fc534c13da2c208e7ccfc31a227e891bbdfc1e790fc7cdcbecd69b62cd	32 ETH
0x811e21b8cd79ec275c6bf3f74a290617d1bfa9d7d65f35b05aed05f15dcec699eb991bb76e553a2bfc231dd4c8d0b4a1	32 ETH
0x8120786e038b6236e85f7667021e7156c40adabcb9923466ed469d91190237579a1147f80d371590759c72016cca5aaf	32 ETH
0x8129d585479f30403abb57325be7ab77839b4636de4a22aafe30eb560f71b996ab87f9ecf3e65f67a914125565953515	32 ETH
0x812c8728b1a80d1e0d8a8156fc04c8fc5fff434fa0bd275f86aa42b7d867b3775dae4a5fd19bf22e028588c164b460a6	32 ETH
0x812fb5197dad780e99c2f06ed61fd7ed977d2fa9ac0f179b0febae498bdfac0945db48a7a8632dbc43f1ceb0b511eb97	32 ETH
0x813396262cb94fca2d7bf9630c1e250093372e3984989106dd4d569b4f5064861d601f7f7e3b3b623c18cb877707fe06	32 ETH
0x813a4436aa839dca0f527409d9e57a91b6b1e1c261b6d43e82797934a08f8bd7469e138e7c0fda1e48a8fa07c6406387	32 ETH
0x813c7ad6587b42f811aa7ed9762fbf34c4ef5fba598bcec0c51eef600cf7c377a35bc9898c4625dec9652d28ab4a1b65	32 ETH
0x813d4ec4551aef2f94fb59f938eb978057d43b51286460b56c9c30beaa006546128db4e039cb66e00e881c3c88e2da0e	32 ETH
0x8140b989dfef9f978f7d705b84fb5a86aca544555d6c4f0a5e7aa6568c4c002708451954984c31656f39818e444b59d9	32 ETH
0x8143721f2ab062873cefeaf939061708e01c2d288e5a293a69e0ae7afa5716fd9395d00fe68e547614284d8fe8be6d5c	32 ETH
0x81465ac5339e0d6021832146d64ea91725d4760117929cb15a00a5d737f58c281a2f8715d461c1846a815e96bd9447a0	32 ETH
0x814713dad38ffefbf96cf63cbc15f1fdce6def71091b3a6dfe0fa94ca52662c9339848bcefb09a6fd68b1cedbd848e79	32 ETH
0x8149d64da100b5f0c85fe79fbe5c6ff7db36f9c37962d4500f5f922265e25a8ab3a430c554711279e7d9a2c495b886d3	32 ETH
0x814c948ce8bc22bb4448fee731726fee01f259ef2f2e190ef6e6c767cc7a66c3e69fbb132caa6d25b71c9e4b8ba534b2	32 ETH
0x8155696a6bbdd2d7f2aeb8eff6c82589de42c2590143a6def34ed5ac6564f9ac41e0854d39c49d41f916fea4f9501e35	32 ETH
0x81575e3ea40403fe169389dc34cfa4bbe965b9862d9bab6ca4e2ebc672212146874f607b5903bd81289855d6f96e18ed	32 ETH
0x815ab925aa6305b5e1ecea6ea66246a9a2f2f2cb82890439a4850420ca93aa79f37198ac1a1373bdb684a5a10f16f1b8	32 ETH
0x8165ab94646a7808facea08755179d89839e48fb228ce462dc3a7444982c80aa3286ab193fff4afd1e65b16d61261590	32 ETH
0x816b42e9171fba3554ece0390a46f3f9759bace436997aa7c406fe1cf44a715d3fa4fbcd59cedd5316f22499d847e06c	32 ETH
0x816b52edd69b8188bed822092004c4ecdc453a6382e334704b19abd5a5b95a2212b599db98ad4260fc8119f54b3f84f2	32 ETH
0x81749f771d281d82eca49e7b7c9a1c0ddf79b1ef90c13a7dcab31ef85d9f3bda0130d827258b1f0d7d003438d4e84a03	32 ETH
0x8174b3295948fe2fcddce57781c861a3bbb51a8bc042eb488941342188a7ee27880361d8cf6ea8d659efd38ad98a53ac	32 ETH
0x81759c9c6a3e39fb99c9a1fea27f93151be0dcc60e897c394700d720ad85aca3122fa4ec73b4e7a738d83bf81322b997	32 ETH
0x8175dcfd86dffc6bf16ce4ed619db95eb565557e43a674103752a4edbd29301f562138b803200602a7489619c18be8ac	32 ETH
0x817c64ed6b5bfe61855134585dc2859eadb6c2e858e7835c1c84220bfe170a2365da32432f7957d75f80a3b1883344d4	32 ETH
0x8181cb6023d35bbbb523bb6a1e8129c29fea2a0927d08a0a8b312bfab3527ed78763741c2ed06fade56f7b8a28dff790	32 ETH
0x818afecbc2f6959e2246e0fcfccdfc0d39f1fdff8b89ee43acd4213efa8d97f99244af777105c63aaa4f6d6f0f5c0bf4	32 ETH
0x818dd7b67844ad69613bcdb3b9c086bd054c81da868a72172c215e140298635148183594b295a3c4ff348e4eb551fe01	32 ETH
0x8190f9afb7fdd877322125a01ac62700f0799a44c7c41ff7e81e5b06baca78a46642406cdd6901cf78b07db7e7eccd6c	32 ETH
0x8191f3b63b02b434aafb547e0cf17a3735d6c6c10f8b1caf2d4697baddeddd9a6096fece71d78357a5e8823ddb94cfb8	32 ETH
0x8193eb3891040e89ced91d1b2a97e16616429d5ae349b69f43372f7efddc2d49490ed0792253fe65fc5d95374e6748e5	32 ETH
0x81965805e3d0431c0fafbabd8943e86ff55e52f20695711b6240bfd7130efc3302991e551f13285eee4157e6d5c51bf6	32 ETH
0x8199bec59b31216aed398fecc6085955948730d4cbfdce6cc175cb41bf852becd413802fc050e236c2fbf2ae0a998ed1	32 ETH
0x819a0034eec3133fbf853e769a673b6d7c45bdfe1189de3819e0063d63ed1d74f5ccc80d300ec76f1fcb22187947cb6d	32 ETH
0x819c133477d55e78c7d3b72d44d58d584d2dc99fc6dab1cda865778a18971290c7a18a9dfb45c15695e054209410edcd	32 ETH
0x819f49563f65264162f1c9fabec8ae5bbcd835032a54a93864dd4e8a462c38c6701e52db0cb0911724b4638a5c885b0c	32 ETH
0x81a314a0d5301118943129482c55714482ba650bd6a591b71d913e44469404924a78bddff6b8c52a5c80ace9c3c3d798	32 ETH
0x81a31b69e9e595839b3aeadce94a6fced088738f218ad26a8beeb2808b20fef3225a7314dbd92874f347ada8b1b6a213	32 ETH
0x81b16b1f95533917df9d4bebcf117204f547ac9af0bae8faf450516e3c6c01b3be33c4ec7da74a88b3861e9a79bf6f26	32 ETH
0x81b1a99b3334c05c1b294631515a5d78e347a30d9422a6cd3d9f55387efd01a08f8f9760f3342650d353a2662832c443	32 ETH
0x81b29a511c9d0929d0ef7c61f827861eba5a64fd396f82fdd13b5e91c0293c7f86fe3e2437db545f85ed66b8984c93f2	32 ETH
0x81b5642f07077d9bdc4d51fbe4fd82f6ded9ea48eb258c5d0dda55ad25138bcc6b0ea2637653d7ff6a6ce80f0450930b	32 ETH
0x81b5b6e908f82fd2668acbbc05f878dacd19e406c10a839530f8cdf02faf260916664005b9dc3e81c886beabd27e046c	32 ETH
0x81c1e5862a2254189dc60432acf7a78befd464f072a8e07a7bb35e6dd9a2a7d1d9f9dea819984d7906fb2ebf6583962d	32 ETH
0x81c436940e496f4a48558b019707635ea2390dd82cd9f5924488856e78f99c7b6b7cd1259805abf934d2ac7788daa43f	32 ETH
0x81c46f46836938b01786bd7d233976e9f739aceb2209c153a20d27a6e1f6af243e88e7351a13bf5f961759569f1b0ac6	32 ETH
0x81c6d8e5cbc8214931f7624e3d125fe8293242661bef5114d36a94ecbb25bd9bc672ee9730fc08802b1ac92f7eb8b48d	32 ETH
0x81c8fef448e4bda4323c997db5b570c2d03d5b1a4f5018dc052605249097b3b9bafa14918e2ce81dc310fdf800a17777	32 ETH
0x81cbf15141b0680b87ee86c1228ffc058fc83f433e6c663e27ab6191f15dbdcf270de821004623ba53850c23afa38f86	32 ETH
0x81cd3bd84cc600fc2958d6ccb007950d7a4416c1f3f8053dc3b611bb2ec55ae58fbd0209c335d7f1047cb2a64a46f3e6	32 ETH
0x81d55bf7f8749cb8c1c338de782e6fe8bcaac6aa3176876fe6017513f3432db5bfe43fd1168f30d97f9445ff0213f6c0	32 ETH
0x81d5609d44c2896c9a60537cefaed629073d4f10a0e2ba3e6aca0f5c494d950feb4da4b03094e0bac4ad48b6d2af05bd	32 ETH
0x81e7fb9d88d6438efb04b2ca4d1e83758c5be4cbdaad11e2943b69b8af83e069650aab3a21d01bfde66827ff850fdd5f	32 ETH
0x81eb25aad17fd7af46f5e28edcada4ca8f4322ea922fbc3cb8183aede6b19c9dce407aa69982ee6c4e4fc5b4274c4f74	32 ETH
0x81eee29ff9eec5370fff451268fe55aa09566218aec1f72db61f5ec7d6fa6e8002e05bb912c141e258a7017098c9e65c	32 ETH
0x81f2216d58d14167f21211632740ac212296f00d7128339c233663faec13c4d119c667696fe1a4cb19407d85c052eea6	32 ETH
0x81f853c78a4466662bdcdd77ac3b85e122ad709743d886b20a713a3e1eefce865b16cbc7c6257007d26aeb772818fc47	32 ETH
0x81fb6c97028dc01f73b4ba22eb14a177f6e0f3e6e00590b80cca63a805a2c0b524e7c9175f401c59b4572bf5f35db3f8	32 ETH
0x81fd851b0d23194884b145acb12f9bcd9ccc711439b33a0ae4ae85f3709da09492d0385fafe57b08bcc1d7dd779407cb	32 ETH
0x82006be092cf7d2ce1e7e6a2677820f58bc677767c23c259e8afe6c97085b9fc3cb375e15f7465f10eac4fb15d9529d7	32 ETH
0x8208aa2ae48f4c273a54badecd48ee333ae4b6e7170cb0893f9443c2aaf523daab2cd6a1bfabe94765fd90490acbcf87	32 ETH
0x8209299f6ed2d40e725d6fdba236dbeb86587b13a3344acc1f496f3faef21d5537364f4fda237f73b401918599412219	32 ETH
0x8212a70a9927055008b170ff0bf44474def7f43df01da396946de6fdaad79d8b30c994d7c3757c90ac3c7ecce0cc1ea6	32 ETH
0x82144eaeb69868fd5ce2855e82396b1d00fa8185d624f8fcdef4621e47f9414f65cb928cdd07fd6431cb1c4c468146ca	32 ETH
0x8215f0217bd9a928418bb3700dd5bc4e4f6bc6b1d51c2a0c8908c83f27827af21729b013e9f1cb266d3a213cd3de4af1	32 ETH
0x8218339089bdf1804cdaf1ef8e2a7eeb6c7a6184fb83ac3aa1b1bd681a3f2bcb2501c5afb9bfeada4206107fdd9205f9	32 ETH
0x8222a9838ac0ea12a78c594df3846964a06c77a3c28f30b7a4b5224893cd90f8aa410a07e9257d7f8940734228371659	32 ETH
0x8232ac930a976a4a84254e63bfa3d891d0b123fc2d7c2b578b965c6cfef4027af000cd82788e9380b7f3aff2f9997644	32 ETH
0x8234b9a28f8be5effafe6265ee84a70ae9e041dd5919d9475bb7c5b3fcbb8ae0b0579be8550583d604c2e1744c50a59c	32 ETH
0x82376b72641f75c6f732808475ab8c74a47304c55cbfd2f12c37bad38af8cec34a341784a83dea9b5a8d69c536684e40	32 ETH
0x823c944365ad46b6aa53fdc77d5bd9bc64a642896bb50bdcce898d7a94db9a03a1796700fce0dda627f9c7332ed16ee0	32 ETH
0x823d5e7cfbfc849f5faae978567fafa93bd333d2fde6195d534e01428fca2b8176fb69db705b92b0400e57cd8e14904f	32 ETH
0x823dab8ef9e89d52811c6f100c3cc17f7f7b508257978ffb1dd3e7c181f32e6cf702e0942e8d029d960787c3ee27485f	32 ETH
0x824af39daca3341e99cd2c1be1ceead5c6c60b0dc7461a47fc72381a48eaaef59997dd47038982e34986121d7493f11c	32 ETH
0x824c14383e7e8a1a101d36bdd89e6bd9cd7b1a53393ce866e4269eb274d4ff1ed317b683c8434ccee20598678a6c9301	32 ETH
0x82525a675d6c5dddd6fc2cbffdb46d7246fd9c5b6ce90ba44949e700edcc597281648d2cf2ceab6281b8380daaa04054	32 ETH
0x8253c86c8d883ae41dd1b7c1f1402a673d87f12d57630bb1ece3e4d1170a463c179cbc1e294a71c35b941292cce340d8	32 ETH
0x825b213ecbf1a6a4303bca48b1281424163d2884314c98f5921fdeda8e4cf291e81c751db16fcb8a9c91f6607c08994a	32 ETH
0x825b8c697f31fe6c59df24ac072ef838498fb38b8187153c4b0e04c4d817b9a044068957069b9529fd39fdc4844209ea	32 ETH
0x826653b197f9def61cabed5bf088ae64d065917de988e2229abff536cf1b6840719e9718cc0c1d8bbe572ed8c9365ef7	32 ETH
0x826773528f28ef5517eae324574398f1766bd75566e17ec2129c7d67624084dd3bb868ec11908f4ced2c9d7160858d8c	32 ETH
0x826f85e4054386cf4a99eeb7d411339b75b65dcc561b4c8fed53798c66675e59241abbb444302f172f3fd188e4233428	32 ETH
0x82756a4bfd70d3838f9e1ec68a2e606c8e20b1d96a0a15c346cf0fd2690fd9e66f4b3f6acaff84172aa807175f871307	32 ETH
0x8275f0449ba3b3a88866382d4c91f38f048645c9386b413bbdb47e3c4e3f013f9a25d4f9a51438b0af108749ea348d65	32 ETH
0x827f0b333208824db81755dc08c720c1ceef81b43e5e4d3b598f0f8c9a1f58f6b5b299530b56cab172c02f2087acf35c	32 ETH
0x8281f5a4d7c165c1dfc108faedad9688a3ca11a22fd767535b17e51abd346e3bb6dbaa506965a362ebe7cac0a0fdb6e7	32 ETH
0x82882683ced1bec604cf9113e543d221e6f93b11bb396764e0ecc9b9b07c03c8ef8cdcd1173d7e4c071ee40768ba64a9	32 ETH
0x8288b994000d5e2a47f31b2416567deca8419e46dd0ec77635ce429c798e212b7a4210806027889fc70a4925bdfd71b4	32 ETH
0x828aa8ffd8ea0a8a2a9c718759fbec1e9e697e315b0089c617e0ef2d26cfd9b2e511e3550e1d8bf84993e3469cd6607a	32 ETH
0x829ac29719ea415ccd91678c7b2ec616e99de988505f640bea594896179264eed121ccfceb43871b768d618ba4ca9632	32 ETH
0x82a89725e9cf575dc4339925bc1ff688ff11182b6452b5631aa45eb0bed732e7d34decba67c95971eefca1dbebec8094	32 ETH
0x82afe34688390cac893f0fa1abe8bd4c5b8213381d371cd8202c3c738b96aa461a782c2ccfa0916e4fa62deb68cca73b	32 ETH
0x82c51e6b3e168009ca719cfe437a6cb08b22caa480371e565c83b6f77509fb8711d272573be2b3a1e32171064cb52523	32 ETH
0x82c6b08f985b92480db727523ab4bfa8b701dda8bb28d89ad27e0c82829a134555399ecf6b6aaf473b5f79bdad456ab9	32 ETH
0x82c6e77c84a564a98a58603974b43504121d7fa10481a77f537c07f7ac63dba0890ef4791115f179217fc421123ff418	32 ETH
0x82c8129bf1f7589f4ee89b4c2b2a22b06888c2c9167786604a7c5e4067eddb88e5ffc30b8b9cc3067b85dac9230273ce	32 ETH
context deadline exceeded
0x82cc239adc2559745d16339f46852b6bfb263eb2c8e38a6e552a22e1ef26119dd80eeeb5c8cd86b69cb9f97777708315	
context deadline exceeded
0x82ce52a90e1cde532f1f3d56a8ad62967ad9af00760c88e68ee528e253a0eaa4625697fc6278c29be4ce75516cbf9655	
0x82db4f1eee198609cf8dc1c494d46db048213048965374e340e9c78a784e9cff6f84c5cc01d322ddf6e832207971d8be	32 ETH
context deadline exceeded
0x82e674f659a4e511de3e5ecf9c1e95503122f0b386f4a829c32e3ce93c253bd4aac02df474b6c3431c6090a590311b5a	
0x82f093fe3821460b754313b1ca00f1afac1168f298f2735c66f2307c464a6d1b9bd5017e5b38c5c950c68cdc90e762fd	32 ETH
0x82f46226a2a0953cfb8b24ff4a14c6e71f7699a9a6a0dae01b97c3a703eedd6c1e6c8df371ab9b03c6605091a6fab480	32 ETH
0x82f74337de59a82b5108afd333c5f7fff7a6fa6f691fc656afb67d46639b0c5ca0df2020a7ce0fde0149467c56395c2c	32 ETH
context deadline exceeded
0x82fe624acd92f7783119e83cb852019436a22bdab7ced34de3e0e194c6072d26e81acafe60a13b3a9475259f0bdd57f1	
0x82ff1df1fa27b01b912fc0a8bb549b514232cd03dbe42438ec47f1b4540564c475b27c4f83a927463f8fb5d03a0ffa0f	32 ETH
0x83048008bcf91d67a210f6186eb6d137999718ce816be7fb97a6416da251bc456bb623408d07de971e6f18bc6876a7fa	32 ETH
0x8304aec4cf6f6536fda7c2ce12b08465e8d5b3c5c2be97cb47714169d173f62c636340a666ba6f8cd5faf1072ae85666	32 ETH
context deadline exceeded
0x830debc0845d18cceda29734951b5962a76aaba123d9f32967d2ec5e399b881305e49c992af94b53b339d4cfa1f35ee5	
context deadline exceeded
0x8327af98d1e6ded1b8a015fee929a74469bfbec4a434744221ffa4587de860812d649a4c54d4a745b4d52265384f3922	
0x832810d65b1ea2d8eec2257330b05aa8782a5739ce841b2f7a4c898e2b41f49ca8e8af0db6b34297e7b816eae73d3e8b	32 ETH
context deadline exceeded
0x832c781a15551c515b83d489b0b2a341a3ebfa19ad12c2a0adcb2124808159d5bd136a99c3baf430eb878e4381a63ad6	
context deadline exceeded
0x8336d8d8c7232867823347ed31ba71aa2a88de8059601c29aaf92f32d3cf2aa783d6f16049ecf647ca0fea38003ca36f	
context deadline exceeded
0x8339e1d0a692fb25231349fb2298bfb4f321f533915836f7cb6abe39625be386b86f7db08440203d0136d0cd29f2d52d	
context deadline exceeded
0x833c6765af45c7ce226cd8892dbad25a4b28c501744d0203d290eaf2735dd65901124eb282eab89fd8d3ecc38bcc96dd	
context deadline exceeded
0x833c73f65f1ed8c0aa42a3b293612aa7c0a7b02d43f16a56ed6c19dacb966892a3b6c5ea08c0325b6bda4bcd47d44c3b	
context deadline exceeded
0x833f5834574262edeb5c1d5d150a1b66f2b8534bb930413439b7221d5eb52eb07a4d58e109e1459c8d04736caec6d2d7	
context deadline exceeded
0x83426893fb548acfa305df4bc3efac4c5199700ee8dddfe5dcf72f72114fec27be3dfada0666427afb1a8aca0bd05bbd	
0x8342e464206a386ebcc24c4fff75c3e7a619b6fa7ee6b324630ee31b9d4d82cddb9b9aa7e3678885b94ae49060606008	32 ETH
context deadline exceeded
0x83500b55af6da85e8b56710ee66de8b7a9abecfa85bc34c9f69c9da78b4e620d5de3d813497ceec21b5f9c65e2c41afa	
context deadline exceeded
0x83727055d410d7552ab31bc96b3954a46f9b33da4303d998bac2f24adc2d6cc57f1ddfbcbd1d3a3dd8f7f07a2e21c0ed	
0x83736e6f54bddb4de999fc56fec7cdc3c90fcbd742df8710483f8f6d532c7dfdf5055be6aae4cdfb3d01fa42d674407f	32 ETH
0x8378f93960fd383d755d3be7660897fcfd464512424ddb3ba441edf534719f2fddcb29af7e7c3a18abe8a43faed439cf	32 ETH
context deadline exceeded
0x837914f99f2d4ebff87f897d9f37dbfc08f08f61b561d5350915b93394df1cad7a9d543a65f43f115120e2d1acf50597	
context deadline exceeded
0x8384401ed8e300cdc4591190c95988b6d73106061a012af0a78105ad386748e85076ccb7d50ebc8d208e9b08c88f6f52	
context deadline exceeded
0x8388ef7ecdaeb22b4ff4f30c0cf44aa397862642e392effda4f52b2d7c194d0b06889b908bf71e0ae1f410e7f442a86a	
context deadline exceeded
0x83897407d5426237b7b59f640b52231736f05beccfb8dd61e85616e82fc02961235cdb0b7db8ae9983a2b89cc7916bcd	
context deadline exceeded
0x838ac819a9ddc5063b76d6bea5c6971ba627fa9df04eaae602c28699f3e0bd43311a0fb94173728cdef8dc9f67def4cc	
0x838c6fa2ea5805df977ea9ee8d6c5ec90caddb97592ced58b2676f10fd81a562e9eebf3257c8c802f9530dc9a62951cb	32 ETH
context deadline exceeded
0x838cdc769c73faf886a044caabb1cc04cb342d274616f72e7ceca239816a3700522948a5bd4175529778fb053ada6732	
context deadline exceeded
0x83913b2e6872d8c6bca25ba273bb79ee790072e6fa06ef6d14deb7ce45877531a636911decde82f2c2a1b2e662c7ba5f	
context deadline exceeded
0x839319191eb578ff15ffee4f53065e32f1d2bc213b9ba2f91bb649487b7227198eb0abce7dc7fe1c700851405b7c5be4	
0x8394d0d8921bb745bf09c6d6c844412e6225de43a5eb60495b8b1d07edba97c4f7155f76b574bafe1d1256508071b762	32 ETH
context deadline exceeded
0x83989122634879fc02c8691ac96bfca7bec7e98560d06ce79d5c2f611a4cbc60b78e5412d5161edab468361f0aab78c1	
context deadline exceeded
0x83a44f48f06d002d08ffbe1024a6b021d504bf790c1c83a466202221e4ef7d5c110401bd0b58d46781ba41d60856c185	
context deadline exceeded
0x83a7d2c769b555f847110106fcf98782d36cad710be3bbc625022c463b4f2e85d08d25cd6ea0297e8feafc058c1d97e7	
0x83a849e97c6b7d92af907a30861e8de1a3c39d20d3282b45eb5fad5253e94a3ad8d22e709523d5768fc3cbcb7447c37d	32 ETH
0x83b0b19f50f5290454535710e90c719b14e9952648029ba8d1fb7099ecce43b8f8dd78cbe24339773e6f6a55cdb719c0	32 ETH
0x83b3ca7145c740800762e50edc56fe07e07b11c3dc29c551ad4a898a94c06a5e3ab5bd7f180ace0e33a86951290b7727	32 ETH
0x83b6c00cbb7b1d414a7999687821330619038c4f03ffcec16639f4d7c87f181c374204c7aea1421a705e319284666e63	32 ETH
0x83be5089becd40c508e296e8e22ba54e6840ce948c88501503683cd50579fad7da0139c8f33974027ce1445897e92e6c	32 ETH
0x83c063198623f83086e247bd0440dc32e5f941e38010c3e854835ee26e0d9a566b9570a8a3f3b7f14de350fc91efffac	32 ETH
0x83c3c154c152b673f1b64e7bddeed3b2f8391e1999d8ecffed2dc783fa47485a858539df0f05f62382f2c9ef4b0083b5	32 ETH
0x83c421b2643deba6c7b475af6362e212d41b387d9d27c54b8d90cf1bb218fde98db745cc995cfd770022e60e8e52cc24	32 ETH
0x83c61cd78dd07e0f7528835573853f2fd404bd049585d12ea594d6fd59d2a87a3e399e6b0ad7b115dbc668cbec158b21	32 ETH
0x83c6bd06513cc753b4bdd9b73a1551b90c963067d3456b3f5fc23f60fa6cae6b3dc6f09d6438b5aa512fcebfaedc3d73	32 ETH
0x83c6c60545737dd4a42de3c30c1588e1a4f8be518ece6b40ec31646489ef8c5fdfd5092d5668c57172b1d4b0a4172a1b	32 ETH
0x83ced0288494f822804bae8b37002b0110f29c76d9eaaeba9f6e7b516a2b8bbf37bfabf8ccf80833c13369bdea079bb6	32 ETH
0x83d50440ee7254819aaa744e46ff9a73eebf0ceeec258d275de57d96db6bd0a2a2ddb2a72aacafcfead1411c5c65cebb	32 ETH
0x83d7c6bbbf48e8b5d91d153d538d654113236e06387e48df68245933b63eb7a5f5e053b9aa9b98aa06e47d0f3124fcdc	32 ETH
0x83e41960848bdbdfe04c0ba027a685bd276c4b221087fce540938472ef8efbfeb21697c796db4b33f5cbbf2c0092603b	32 ETH
0x83e479c87d7ca2231555c4708c063842cfc9ab633d1f7ff537e30ffc948cb8aa8f2668a077cf335a5238abcd92a3fb66	32 ETH
0x83e962ab7dc5ef910520960cff3df2ba8a6633f038f7899759f482a1790497fe00bfe97f6c0b3e1996e41826f45e9f1d	32 ETH
0x83eb0d4a0f754d5d2c0a4e78ae53d80faf85c40ed4924cb550b1d56d232a417090b6d9acb8f6aebe95e84b63926879ee	32 ETH
0x83f188290c10ff0ebcf34f7c327185c20ff7464e948ce66bdcfaed97c04321a93b5a3b242739562d8c3c171f9ea77129	32 ETH
0x83fb953de5099577f64bd6d4ea70765554bc07a9ef603c565f7146d34f53db2b9f58e27b919bc6161ed4dd32f24ffe84	32 ETH
0x83feafb8f144c04706f9778fea5ac210eee48cf83ba51b484beaacd462651041339589a11d2f0626a874e139c1bd7c1a	32 ETH
0x8403f05ba14d5e196e3174f12d7485042140d47bef4d6faef520848da262d9e34d3ad472a625c3a065c767fb2de44c03	32 ETH
0x840862a2dbfd06c71d16a39b4c5413739067ef1ec1bf5ee731f0298f0c79cf6b9711fc78d8a98b2d67fd25f12182e126	32 ETH
0x8413e7cc4645ddc095139dd0f3fb0021a5840b843b1e26da796e78c681a21c22490b939282244d41e01e399f26466d30	32 ETH
context deadline exceeded
0x841f2ebaa19e493eb81fbc09e8b25136afad2ca43da5771d51ad5965e13d987e060eb2dc28a9b5378f664c82b9a54e1b	
context deadline exceeded
0x8425c4cd6472fc1826b87f39d96696030a133581adf0a80cd93c4689391e90e4137095b7f65422dd79f0b78524220de1	
context deadline exceeded
0x842fdb1ca4b9c0aa146606bc7db38f59267582a554aaf9eb74bfb88dd39b87ea93056fa4b5288b1b27345ee5736bf661	
0x84312eedffbcf14efd17d6b287d9792c3c4386a29c0159958e28d7f69db8a20d33e05b10854a649250f1b4f586578095	32 ETH
context deadline exceeded
0x8440c818d3ddb6dbb97df787a650131ee3e4cec4ba5db0d8980f19fd6913bdacef400060ee1a5fbeb1805b727658a607	
context deadline exceeded
0x844a0756ad369e95b616e5bab72b6d64819938c41817bc1833104afb1918eefac30ff1f1330e722912dd252e8f812583	
context deadline exceeded
0x845237efd930de8ac1159be0f2531ad92258ba0de362572f670763fa6e61ba047b08507587a73f9af35df266bfa3b1cd	
0x84533a97eb7b89ef060a243b357c0041f5a92fd461e1b9e02e1b0172e5d5ed4e3b35d581ae5369cf3c18c71f340645f1	32 ETH
context deadline exceeded
0x845597e5316e7495b833bbef62038ee5e7d14d46995db177cc3d26c6f24d7297f1fd50ba1f3d36ede96c98b09c431a4b	
context deadline exceeded
0x84587f9cb9e94a9a6b09b517f321659235ba35c3b833948370ac2de7b3f9904f705b5be76933c88758f8d52161b244fa	
context deadline exceeded
0x8459a2cd142ec7ba6f7278907059c69d4b7c46dc8ea1a4e7da2b4d89031b5e0e8ebf7e7a185fd659ab27cd691aa73cf8	
context deadline exceeded
0x8459a7a48a24af1f06ac9b0a6823965a668c3b5190a6fb3a3f784cc328da830bf1c774bfe40c113a6c9bab041d3b5fd8	
0x845bd8995dce41bce9962adb715999b963a5903bf31309c8bbe1385b3a9f59cefb4b9e334efa8751d6d07965da4cafc1	32 ETH
0x845c46f5953db8983a669bebdc7d1891e10093dc791ce3b4b48569f6fb97795a65f72cec9aa7ffc14fd588e804c3817f	32 ETH
0x84668c06b1bfefdc569b3e2c29cd8c04abbbf93bc13d70cbec097f5d5189cf4ac39f21df34f58172279469b89031e793	32 ETH
0x8466929a984ee23083ff3abece5a616efa1882a00300bbd1b875384613af72ae01f92c6f77de5b6f960e66dbe83d7c25	32 ETH
0x846cc445ad1b9bc98a175a050a65fe9e7eaedb2380c514960a2fb0660c2d9b37791b9780eefde750e8add19700bcc45b	32 ETH
context deadline exceeded
0x846d7622ba3ec5e38e0bb2423b78db68558b36bb6e90b8fd6da54c7f53d4661444f9aadfd23f3320d75ff4884098188c	
context deadline exceeded
0x847f5e32b5e5c5b478f8eb4c1c8d4b90e66b3952d033adafa09d5692f3e21062df475b06e90c99922ca8a5317644b227	
context deadline exceeded
0x84833c3eb8b5c16f2517162d7d24013bb500fb603160943cc680a0bff945c24fdd9591244e4461ba7ccc2d4751d3a4f0	
context deadline exceeded
0x84853ed693669584e31707a10bf710f852fe775ece571ddee8173321ad968664463905db69fa610de5bc4bb009df7d6a	
context deadline exceeded
0x848dcc55374fcf63c94f35368fe059c53270e28237142aa26c648b56713165934e7aa3cfaee695e8b515937fcd530e90	
context deadline exceeded
0x848e3b89e25d74da91a1215ef7d6962fa80fe62c16781e571366752b1ede1ae4b8f7c82c4fe614b9799c900800d1dd13	
0x84925faa17a0ba53ff2b3b213f300ed9a769e29273006cb1a826d16f74cdd63c20ab8f03a6e2d1385f4515cec843e92e	32 ETH
0x8496acbeebe0c593452f8c426daa000049e9da2d39ab1d31a99f173ad189bc0dba05e80d86628579b1ca1155a9168a74	32 ETH
0x849b0b33b96712cfa286176b945cabcb88b32f8b6b23b543e163b91d206fbaf7712cc9f13ad2409593d55e73c1aa7929	32 ETH
0x849dc980a18d5607d860b9aff4727769b0dda94ab8c77785b7dd1020f2569a8b28242896bdcd6ea69ac7c4cabc195fff	32 ETH
0x84ac1b811909c4cd77089d804093b4fb7da805093bd3819550b4a1eabcb1112df323c577999f50bb5a129c22f1c69295	32 ETH
0x84b25fc462b4acb75400100a87127c8b6de8f83679ce1266fb7e12b453f8cf762c1366064fe7842c7c58a2d0dd6aea9b	32 ETH
0x84b2b2ff6abde23ec3ef9a23b03b45561f322ba64114473816de6044891849f28f527df86949efe24fe6080a0578433d	32 ETH
0x84b31a1d4c1ecdf1b0a12f00d40285ff85fe686176460fc56a3decb4f6caf45e2b7d7f264dae20ed46f6c8aa5a112e48	32 ETH
0x84b43dd5986a415a2b60e29d3960b24269d59448f7be2fa5eecd575cb353e5a087e6fdce6b529cc835f8efea717b5573	32 ETH
0x84c1e032f40cf9b06a0b8f3fc95aac84b84da0d0971b4c038b46ae8eb0676cac6d802f3c40fa418c31d0ac1274f57756	32 ETH
0x84c581244e5d7019f5a4e67a6eecc99b4fb22e2163183fd799f15599154f0a7f52138cf7aeed4dc6d6c0bb406f3d719c	32 ETH
0x84c864805fb581156b01ba205bb6ae3007edcd4420544fa799a25b48321efbaabc81a7e20ef99f2e80c83fa7feadf991	32 ETH
0x84c94061bf5e589bf5a2abbfbd801c3dea215e186f98030dcaaeb937202ae702f7ecec9c97b71d3cc74fdad355b49fa1	32 ETH
0x84d46cf49ccec48646420e26fa2ba93f802e7cdd8831a06ab0dc576690554be978dcf4bdf70fa835afa894e35ba682b8	32 ETH
0x84da6dbfffd5735cb0c5b86a3053d4761e52ab36d73b1896a823c165a9a0a71bd85db33c453868d52b414cf568233502	32 ETH
0x84db873a8a2ee314539844ab10b3c841ea7757ca1b9bbb06b9317cfb60feaebe2c320eb163b17ecbb5c9af4f15b16806	32 ETH
0x84db8cefb018fbae8e21eb37d5774dc0c1fbad3e6ef41eeadae1de8883b674d94d3156cb50aee518fec1bcd4c94544a0	32 ETH
0x84e0659026835badcd86a3a3eadd132b5bcbe2ca2610b430c78d6aeb00d9abc4a9f64818ca95797489f7a9f60dc1ee9d	32 ETH
0x84ffca1eb02bcf73b72876ee05286f6f599468085a580c92ea2d233388690396b0a6383167a1af934c31f44c3ec3d762	32 ETH
0x84ffe21ee38ff4ff2777b234fbe9171bea8d978b4bd075eddc93636b07a46ca2f9a38b8f3567867513d9debca46e51dc	32 ETH
0x8503e9b6bb740ca5462edc91312dc347887466b82b88d274024602ce4c0242b65b0ab42570053baf2c00145d3aa2ab69	32 ETH
0x8505c92565feefed237f85e6ddbb6753f1b77e92533647dbc322b1f8be20d25957cd34c8387fdfd96abda68d3ddd4e29	32 ETH
0x8505f10ac11843cc37021d5fb27090b9dd2c54be845e76f23deaa20b28c848e56fba12bc561b5698cf492a5cbb0ef787	32 ETH
0x850a4ca066dd4d8c224d8b50571fefdf1d8bc6fc0d05aa5495160cd54e5dc8b62d7e5a0b8d54312e2c44c50a46ffd63b	32 ETH
0x850c30748397ff33b157679fb2e263f316ab1b05b0233c44b6c6373d5b7bb964bd33e416022939098af156a30008bd77	32 ETH
0x850df9efc0f8a1a2a4a45bd323cb2b136dd2258fd594e9f25ac647351ae7f3a57f9fa59e62912046163731d1599e988b	32 ETH
0x8512a7350d4a5e1f113f3bee4b14660fc49c1b1341cc6897325993ea6bb72c891158f8c8144551f04a55b269f53d0527	32 ETH
0x8516961683dfcc227fab40b872a9a6a72b4a0d8a9364d2de07cf3793f69e0631e9bf8ec8782bd80689b2d184cc772709	32 ETH
0x851c8bf9bf5cdb7cf17bd890b8dda645a138cabcdeb1ab770145305b1ba52ea132ca9c61b6e06bfa4b2a4cc1cee5a9da	32 ETH
0x851e9ffe873518e470aab38ccc21ceea0439260f205ed1ee88c8aba803d62ed363a6ed3bfff51437b1e7629970e9f740	32 ETH
0x8520ec4cc81927bbc872139e8ec50fe73a83162ab7e0c21c8e034f73c7bc78a3e99ce800927972cc214e36b7069b8e9d	32 ETH
0x852f9baa6318024d99f5553daf2b6fd7a359bb0d43a4dacaafddcc4bce122f7da4895b13de84b60d8c86aa1683a5d9d7	32 ETH
0x8533da700bcdc71dd582b8fb1c0e33733e6a7877dcd3dfe928f9429514ec7a06ab8790638b66b505b9c047498d65594e	32 ETH
0x853893a011eb90d7cc388a8059e27be808af0d2ddd1bafda6a83691da9ad51651a35e411b7adc1dbdbba4f12f3942626	32 ETH
0x853a65c2a5a0e509d7b73380a74da509e25ae117fb1ce7372c2bcb63de141c46e1e83de741b0a6b2cc278d9c88a9dc08	32 ETH
0x85412c90085996688a2ccb053728e160e9b3fb5d2d2e488ac6dd2761a9752478f2ebdf9bbfc4073c79df06109392d525	32 ETH
0x85413d3babd1c049a276924c9d32692b0743204648b58c49ef2f1960c786bc224832d83e91f7484e54cadb204b6a5f93	32 ETH
0x85477bad5ae66e2c692fa7c0b884b311ce23f6b091f79a623bdbf703437f153b27baf14ce07a6b67e08168efea46014e	32 ETH
0x85545251a1c1637a4f38b75cf4b29b8ea4deba60cdea727c5cea8d71a6f445909962d238722ae0c9f96a5e0bdb879957	32 ETH
0x8555007e54b508db111bddc6e3406136696413985f23a6701221071e3de77a2c1c3a3ae9a097514e3aa3e73e1964ce0b	32 ETH
0x855aadffa0c97777e0384cee3a5b340abf2ad9ddb922a8781f06e6c2a927a63acb4a59b856d6c7dfff5b749f4bec763f	32 ETH
0x855b578329f2e15ecd9fb8bd48a80a786efe92c089d7bf739e74570006611d6736f1e3430b53899c2d140cfbaa21baa0	32 ETH
0x855f4f72192fb7be332bce6511e2bc105dec42cfcba175cb482a2774a19bb81cafc3552efa25c9ce5f75297c56fcf891	32 ETH
0x856bc3b9cadac98069d134fad79ba36c8fd8ee729f4de2998d6b798da7d3b0d3af8eaeafd1af973263160255519f31c5	32 ETH
0x856e7dcd5118c21faf6beab0f3182dd16ba80ed97e9ceb1bd3feccb65691e093d7e819741ce89c07d2b6cbe9922c1114	32 ETH
0x857035d60cc80361dc1735b11209434dd8a12bf062d74406ba3c515329b4506322ff0afab638e48811263d2a63ad98c7	32 ETH
0x8576071791f07e97f5c2f2b71053695dbcb14f6b6c50e7548385afd815afd98dd9cfe662cbff5fcd14c8ed377d19de65	32 ETH
0x857904cca6907e4b90e1ee8c8141437f2f4fb3c54b89a89fffbf9b7b0a52404b31ba3d2d1eadab9f38ed8b1289343d25	32 ETH
0x857ed1f39e13f9e2be88123325b67af87a323c87b6d74e507185da604e70f1e350a6f108268421286a51d9b187b0da51	32 ETH
0x8581feb69de9ef36bfca996a3870bcea8ecb1885cec6b4e2bb4b49c5b5085012b8722c10a0082eae671d97a6ce4573ac	32 ETH
0x858280d3e05232ec5a79b69f39bea86e22f39b6e74bfe495f06d39e39f6248be73b7ebc9487de7903dfca0dffb7f19a3	32 ETH
0x858c33e915f10871cc4188402f4b93ca902670ee00e47bfcf7b978fae1233948eb377d6319f11748ab8a8b779a71c321	32 ETH
0x859a5d043b9a4be4c3da704c4309a810dfc2f6f5e8c3654daecaeef809e345790b6468842f23d9642c04c9ffa41658d1	32 ETH
0x859e22f088c91f8c7ef373de40e7917ff28367cee60a330fe8768f398c98eb837fe81b3b65804d0c294da9f678bbae7b	32 ETH
0x859ef086dfb69fb46f981b33f40e501752b90c2634decebd090d89951ab359fe2947facde153db4dcc6063905273c68f	32 ETH
0x85a51ae8e14bfec41ac6be8c65299c6b042a7f2750e4522f244ad5f1e2541ef02c2be3f39822cac1361b576fda15b005	32 ETH
0x85b017dddf03eb77304574801d938c5f2bdc994d1656660f70d6bf25f8e064ca451d8e310a5374a93c105bec0059250e	32 ETH
0x85b070d7c56c90a0ba70c21452af48706814179f704860be8ee8913c5d362107de5cbafe7cccd68013e79534c6c82c42	32 ETH
0x85c0327adefbb8d843af5ccf613093287bf840262cac2ca16bba5f5027133aef6cdad185d8a0b013a3bdacdee884230b	32 ETH
0x85c61074b5010425c5888ccc82732578541fb542d5986bcca339d53ff0542ac290b70dc9d425414659cb644a242ef644	32 ETH
0x85c907f06ac753fae67667a480b52560300e8d80e0397385095a518e5be187959ebb1c52e398572f7ab934715ea9eb48	32 ETH
0x85ca81d9984c8cfd6947a07d2112b399650346f37a03705a112d122d52fa520627c3240e0066c06253091eca5f2b24df	32 ETH
0x85cac5ec6a0558e490096a875e6f45776e97b092e125b1d7fc2f7e1328cfdfb0bc192a9b1a54df1f33b4ea2ecb9973c9	32 ETH
0x85cb52e2d8c920492ac8576fb3f14d74f77c699f456da4347825e2b134be8d9c42bdd3aa0c52d526f0ff096a6b199d72	32 ETH
0x85cf6962ac5c30e8c1d097ee059cdc73d5458fda2c78250c9c746dc532539fe0b95c3a4110b78f9cb6e80bb8a71ca096	32 ETH
0x85d6b9804596f0c32c268e3d806d0b74a9b5d8079674e90189ddd90d74ba69e739276efdeb7a1b20fc699ff3c3767368	32 ETH
0x85dc678a75038f4436642f731eaf81a2ba46f722fe6649bfd85702636e2b5cf887b25782e301c24bf67e01bd84a9531a	32 ETH
0x85e3f544d0af600e17aa49bf530f86db61daea4036e8303d7947a195907d3d68eb8fb783eca3e7bb7da974f904e6318a	32 ETH
0x85e434f4303949bf4e8e39e5fee6bdd48eefad8880fbae6ff39874ce3b58e313aef0ad7d36ffccd7ef3a37874118cc8f	32 ETH
0x85e4449883103b5cf9565aa0b1de34a1309b657f15af4a3b3469eb1336baac129048b695f43460e67d566794a30e43af	32 ETH
0x85e6540ff1c4b9d02f35438321a77e389008481b2effbe9ddbc1bc5012f369293655ac1709c481efd1e0e69e2d4ac55f	32 ETH
0x85ebc1869e8c53006abb02713a5c24ad5f9461fe40673ead54e226589a0b077b9e7f60f130468cd110cd897f76bbc358	32 ETH
0x85ef28ca464ba9287acb3c675b9f9010650bffe8e4232d9e754db8e9b045f4b88cd1aeec083fab177d6e0a14bb4ebfd8	32 ETH
0x85f395c8222a775afe2c6c602267551473de591f2e932064dc39b139c2f5fb5359932d875a202822436dfc584be8c4b6	32 ETH
0x85f3a3bbd25b2e41e57c5a6eea4d571853368bba3b749efc15d300c1ce1c4c97af7d8abe5449b849a0e470fdac49322d	32 ETH
0x85f6a1a63a7135609bcfea6dad892671ce6f4ca172d6b331641a90128366ef047bacfad016605caa9d56b1bf5aad26bd	32 ETH
0x85f93bc7400d66b585968e1822d0db5a2da9d5fce0a8ab8eef261f98156d87e0f5a3b7c0ffbe096ea127b75110d57bc1	32 ETH
0x85f9b6ff5f0278b348f84422d5143ce871c18f10b73905d3631c2e6a642463b52164fa12bd4e1122c260dcc1fcea7b9b	32 ETH
0x85fc8527bb4c72e16bcb786b7aa09304eeb2209a301aeb3713a3191531c97848a1fda59fbef7322eb670e4f63112c20a	32 ETH
0x86026d7a26ede66ac189dc047647c5755ba47d814e7a70562b7a4b2d6cee4d05df41c37d352dfe9c793bd49af932147f	32 ETH
0x8608491d13f96d2f4536d963ae38b504ea175e0ccf74fe5e5e93f9fd4cb20c40f7a301aa602a05f340055cd3b4d5f9bb	32 ETH
0x860add86b63ed822b9b4de6b40c9957ab3c887b29b9f593399148f339f42de3e5218b3e5780f894e37f96e7530e33989	32 ETH
0x861213a6c7369c23f2752ed958f92a3c083194c247827b0cc51389e8d7b24ca7f70ada7322b052252e94453dc3d26493	32 ETH
0x86159aad70a61eb36583b9bfe404efc080ae3dc2738d36fa672bcfd259047d83ff7fceea092c742302d078eb0899ae1e	32 ETH
0x86173777edf660cb7a8f0c6b4b5b508692ce5b1dd8b32cd2ef9c969974d354d47e57bebfb3a5e1a1f43f34183fa066c0	32 ETH
0x8618ac82bffabb50315b5beb4eedc9ecb39ff24ef62446b02cf50bfb57dad8264b3e92528d60b8bba975b281c376467b	32 ETH
0x8619812e3b9d0eaca5c232bce9f3ae97290913ff0433443e423d8fadf2ee8fc0357b92b8d41d9643901642e07b8f983d	32 ETH
0x862437a1bf64fc6f4f5707c0e9ffc5553b63883a5c849ac9c0507151404cff63f7ec28efe249b2fbbee4bf75d3c53589	32 ETH
0x86298abd0ca388ee429be3eac947a6dd01ea54e3c699bf1fc5d283aeef165efbc2bee135725b04e6ebb5d7f14ce34d68	32 ETH
0x862d5f8eab6b9de9e324a1f8a3de442ee9ee7338142dd33f77304fd3ff9b9324e4a917cfee3daafaa51bdf2970516806	32 ETH
0x8634c0b444dc2efaceff607b782d6c601c3369e892d9dca8205d78e77b4b875b75d2754d33b6d0c9b75a8980023a7e16	32 ETH
0x8639dfa605a76730ec74c19e325aea392e65cd9451070cb1a4710dac4ac1c908a5739ced42b0a44ce0fe2f5ae1ba8e1a	32 ETH
0x863abfbc1dd1b86b73fd92e03c5c134e243f34552d1c5233e5103bf5dd6c63a6d16777dcececa06a819b6b020160a05a	32 ETH
0x863eb2de6b53a246189b877d833103055118faecab6ab8219881bc1f6d762d9d4bc94f65735d5ccd0ff4ed9c386dc5fc	32 ETH
0x86536a7401b8e2dbe3335e3fb3fca40d98214ce05ef61ab003213d306538165f1c0328bf2aae6d514abc740237011e03	32 ETH
0x8653bd9701f0f0ac3c2c3f137dd6a0739ac4e204e1eee8fa2af6eae4863c0b62a034ae2784e798accb1d27228eaf6d9b	32 ETH
0x8659e5feaae631a7729531b7d80ce6c2cb8a13b123446229a0706da56955da87e636fc6bceb1fc9cae5d7b5ef5758ffb	32 ETH
0x865df1caeb215143398af41ca08f56c12bcfca68530eccb2994f9cc452b0ef0f2d237b3caaa8da115ba3f3b228d67b27	32 ETH
0x86621defd0c999d98246bb16aa995db690ca945e25d34e3d45bff8b6f4fbb64578733a129efad3f164f716f6a7d726f7	32 ETH
0x8665a28042e71cd3879b6850d022b8b96daa23bff0339c8a434d6ec7e8bbe90960caf433317e5d448e58bdcb80dad3e4	32 ETH
0x866a462d4f16f5704ae50fa8404bcdeb77a65fa5a43904337844be15861ebb8f31fec4d129f6a5319afbbc0385ddff18	32 ETH
context deadline exceeded
0x866d37a2b599aa8db920118cb82509a15a2b71c1f43fcb8661eb3da67f5f072aa65d722fcb8cc6b22c1f269a2862b97d	
0x86730d9cc7ac56504272ef414bb2307b106f898a0e4539eeb7eac6d4cd56224a81050261d8a69a74542b6ef5c92d9e1a	32 ETH
0x86734a295ca4738458d90e2475e963faa17ee13dd59e655917f0e8ae5460ecfbe1a6d198deb3cd6db74b74af7693c922	32 ETH
0x8674a4ac0f16793eec06dfdcd9e671c7bc8987e2ae9da49cad508d903a1f240c8e949492f461a28a385e6ad69dd07f39	32 ETH
0x8676acde2b1f6a178ed043e1939a27a980fdb9648290026b7fc8d3bc787dd56f2c784f34bc85a6661090d86e118c4f76	32 ETH
0x867d50cd2f34b825391be1d6fc6546bb82504bb192648c7da54d5dd27a18fee1428cfaf40a3baaa6eeab3de2fc1bcde5	32 ETH
0x867e10f3555a227057ea254ba2e9130f5848d26c3225dc28574378cd4b3a14827a9766c9bb298138ace1fc3b8f0ce317	32 ETH
0x867eacb14553e6b53b1bfc71aacfbfc87f181be3e20136ecc50f9611c04b7719b117db060daf6ab34e97ddf11f1dcbac	32 ETH
0x86800d72b4078b570f27c5c8829f1cf1f9af6c44f854949d34505dc854fc023a445b640d6e4c68b4a529ece58bc61be4	32 ETH
0x86814cd2ff23a6b1d72494caa3211c014d3fc41f34e7c29f88e1f50e9950fa03d21932769bf9559990d80b1caa593ad2	32 ETH
0x868707d9b3e60403341a3b782852529daee787b594356b70cb742b38cdf66758f355fe65652f9cf31c265851b46bec77	32 ETH
0x86884c613a56e2ae0d13a3dec8b1343203a9d8208aa471b4a01b7e6bc6e9e6db6de6f547486eaa0851007aa14d6c0cdc	32 ETH
0x8693940dc75525c5a391759c53001afc2a8bec8f6a5148b689638925905a6b12c7878514f1deb95b4e08c561a993f87e	32 ETH
0x8695cbebfa2380c1fa666ac40dc82746ab12fe7883a98473a26f35f7ec73ddef23891f14ec1593b893dc9ec0c2789dc2	32 ETH
0x86a3dea3424cb3e82eab93e4186902d67aa35bac7c34f7a8a30938b87a4e162cec4943849f05e723a5fa6a3d4500fcba	32 ETH
0x86a4f5b17b40e4805ebceaa477d9c95e9f07966006f5f8b692cd4581812af807c5d531a98580a8a30ef420fd8ff36528	32 ETH
0x86a5e961c4c69a545ba4f20755693309600a2f45409b1490b37b3e260e97389fb6e1c80804c38ed2d9fdfaba9821cb83	32 ETH
0x86a7731ace5b90a5d885f9340ba1a1511c8397ebbf2554573b0ec33641b8f75dfdb050468b4e451300265a05ab960e04	32 ETH
0x86a7d18e1802a3691af6b2d1bca8326966612ab7228dce729777250a39b34f7e1fdfb63b300837ef34d62f36b4c5dead	32 ETH
0x86acb35c66e8608e36117a2b5f05129d86809e64e49a7dc2b3b3a5e0fea704a35de75493b965e8fec519ba503da561a0	32 ETH
0x86b34819850e6a12d755853f0a15c3031757763d84943dbb63da38c3d27055ad8eb78311bfe14b381183be676094c202	32 ETH
0x86b7ab41f41439f0527b4e035fd390778175f65486b235ca4a8a4022bcea5f8c52d0bc926e5a708028ca82a3720e69a3	32 ETH
0x86cf5c96801702ab752cd6ff40046eb0c91f26bdfcfae90227596ff038509d0c41a73a89a54fb39359bdf5e843938b3a	32 ETH
0x86d1a48d9f66e915ffbecad82805d70e7b209d915c76945181c39c1d9968b2d976bf4012a5b63919d8f987580b9771b0	32 ETH
0x86d7b966a143ba00251eeb1e8ded933484c63263b37a754937ea807efbdeef0e81064922199e683010c2ef51551a14c6	32 ETH
0x86dad79bc3fdea54cc65942231a417235f00fb7e27d5e4a1ebf1f083dd1cc9fddb9bef71b9d6ffd328a83f86723d0cf2	32 ETH
0x86dd30a84b2c138e499204b52245e0cabe0f95a163052a29f8fc0e702c3a44a08124c6a50e4405d4cf9e41e240b6d7ad	32 ETH
0x86df71c66f49e2f679acb480bfa3b9c9f23db87496eac82b42023bdc95544d7036ca79e350d1b927682e58b2daebaa31	32 ETH
0x86e6209682cb89b564f04885214553eaed9b1581f64661a0a69115b0e6c928144770afc0c90584bb483cb0cd8f2402d6	32 ETH
0x86f4b8a307b2f0823f5cd34b213b59fa9b2645c7eb5d3461a08dcb1a594b160669e287bccb9192b3c1e86cd071a9aa9b	32 ETH
0x86fa6cdc52fff7cc432eff012d38a7553cda4b89f1fbbda0ed46d0ec785ccdd37cde57176e0fbd79eb97e71ef8a12f11	32 ETH
0x86fc868eb6b3bc3ca351e7905434e3b54b4e0b68619d9f8a157efb3e112986a7cc7583d2940670a3eeb960842d5d4e89	32 ETH
0x8701eed15a7b2a4308e46821254bcda945799b4d3ea32efcfdcd1ebf16173a2da7946f5458eddf41f56499dd1bbbbe6c	32 ETH
0x87039c8092e49a52bdc96bca43135dfc3ef787fdd65b2f3da495530031c090e22989d93e56145d86d85e90912d359b46	32 ETH
0x870cb0a1c33ad7deaa286e9488de1fd263d5424c6f5e3ca8a2db47348eafcd98ce9e7a188956eead4add1bb404081356	32 ETH
0x8716c7d9a083e59a67b37285730aec4edd58419b0fba35befec36359ab547fd08b0446415f88737d032cc0e27bdae08b	32 ETH
0x8718695cb5ba32fffd1adf737683c495f5a874ada4b09b221988424b37f70545b5cbb1131db1c225c318ce8d9abdcc93	32 ETH
0x871dac2b46b37b4b69b344f0fe9c5e407bdbe636a545a8ccafc6f9e580015b555f3010212adebdc2312e36fb00ceb095	32 ETH
0x872692e0c6e3ba6f46f52f8e95bffb363185b269813f0f2515d9296c442288c46d0ccd2ac8f19d7eb98248eed5a19dc0	32 ETH
0x87293d60df3b9af38472bfc247d610ecef4f335c811d54a32b6b684e05893a2fd0c6985ba897d332f9d5d7f22a6d102b	32 ETH
0x872dfd018ad42bfd11b1927a8c09656e26b532b25287c2207bc268d39f215e83035245ab655cdf14e373e9224ab640d9	32 ETH
0x872f622385ad6b548e55abd84da0d7dce0dd8f9e6c5007fe38ac50751a5cfbcc0aeeebaf5a2abfaf4d43b92adf41a9da	32 ETH
0x87355a53c9b4db8865313a81d7ae39aac44809a6531e3baee39ad7b08461f8860a0e58becdb286a5cbee6e72614fcb5f	32 ETH
0x8736628e78e55cb18e0421996219d6635a12341eb10c06a38d2461f66a6312d6dfb0ddfdf57114ef8c38ffbf01fe8914	32 ETH
0x873a17d651da0a85645193b80816b1b92ecf304712ce3c3b439aa5412eaff074bad15de56c1640d6ecda26b5f843acb1	32 ETH
0x873d7232f4a00f599091c97b6abc5798c0ddb8e9a42a77fbece4c52e3905de39adcad8704bde2bde58499b230dc49fd0	32 ETH
0x873dc44f3402940798e13ee5b5cc1ca14bdeb95e0bc021e30808bbb2d70a12b73b5a038dcf9c66e91682039b46760a94	32 ETH
0x8747ffd1fda58de7dac32d38c604d6e6c6055f04c47aef1c017bcf91e30548499ddce5596472d1e075a26ca49a3f8f5d	32 ETH
0x87511dba2ef8bf5e0f221d5e9248d54e5c7c719374307adcf510a366cfa2f6c4f45d2e648ab19a1792312d623cb48d82	32 ETH
0x87563950e239091f128ea9f8c95c40c9c38822119541a191e86d93bd0f3ad6d2bc11a52f1e25bb0f5edeac72adb92924	32 ETH
0x875dc8fb9bd4401a1cfa6781869daf217185924727646fa6cfa529044e42d05d53333d2156df72087b9b0ba408d56b6f	32 ETH
0x875dfa2b1d135f09ddcf46640022c376b4a83fc00a259bcd6c4fcce970e47389b6ad47cc5a5672bbae4c4ee7076f72da	32 ETH
0x876661cf4677b2e5dbe09e1572a189c34e4b229f1cf066aac581147549b16b572ff54c0297ee04335df5bf2555f94725	32 ETH
0x877ac3b21f5125dab42f6acda077de406a57c1ec6e1dbdfb00aa18a1f148fcd0ce41b349831bb951e0d19c95edf1ae47	32 ETH
0x87862890fd56bbb2cdb4c7f48ed5f105b4762fde3825b1fff00ff8667674beaf66ab0874dbaffc3d036e0357786c114b	32 ETH
0x87888bb351e660122aea0c544770394ecb48efd8d2bfd4ead5edb61a981911a4158b1578c999e023494096a9f8950431	32 ETH
0x878dd0cd19746509d6412a7d9ba1e103c73762ea1426bc5990644a71ace4a2dbbb33f32cf7b17c286a4542d4756c037b	32 ETH
0x878fffa8641471fd131fcc02331fd4897ff6d34022fb5fad755b2a1354ad414f49a22041ac902592fe24aeb4e7ae13cd	32 ETH
0x879018082f5d9cd1a1d5cf2e44cf367004615280c1169e2def236016d88ace1ab094fa801c0e80f62d95373ce7c1b329	32 ETH
context deadline exceeded
0x87905dc022e9278fb107b51faba53ca1a4e91cc1f0641f91f3f443d2656ec765bca9222cde23acdd3d022ac1dc93a6bf	
0x879367d3d9845285e69bc78bff14631d0de94e8f3420fe7195cda4acdaefd8a9a0319dedf7c47818638ffdc2eeaca960	32 ETH
0x8795c8650aed7824b0306f69ee7162f486130cacd81b9522720928c3bf8502c7f3108fb104bbf5137414487ebb901e78	32 ETH
0x8797f0396721b19e19c764b468741bda64ab52fe098d4a367046096bb8e07c6004a86d1ff7a1c7165be94c0e9c464e38	32 ETH
0x879892afab005e6880867d0c17a4121f82e62e1240ee835139a5b9ef0d11bc9226b0a4905a43559c3fde337ff1158b43	32 ETH
0x879c85fb461365da9c630f7b4fba5fc666915f279e43e0394e34bb23c30e1fd0e2e309d3222eebdd9f170af6cd449abc	32 ETH
0x87a48fce866fcc044f8007941c04e5f6aad405b8fe3b39ba55818f7ab1be5ecb3148a2bc21a985e4ec1b039f41797193	32 ETH
0x87a7c2672abb65e93e77749fe43324835199455c4fdf605efa2dc034b8dee0b11c31dfae5f836b3393be74369d2b2af0	32 ETH
0x87ad6ca5a9165e8d3bdbe154148544f1bd4ca3d4e34ae04058de99c2d321ca4c4031848e16042d1109598d015bbdfa09	32 ETH
0x87b02518de760724b0a36f8bfd6672c8018fcf98a07347c36ac38f6362236d52640c86cd31be9123721e1a94ac656ad7	32 ETH
0x87b32de4c08d56b795116be7ac5742cf9734cda74824dcc5492ac52147e5a58fbda6e4727d42c7d0d48732f61fb0a691	32 ETH
0x87b7d4d53db166c666ebe3fa859c41d7408486d435f995fb84e72fdc85471648a54b3e92dedd9d4f1ad1d6cd5c13e008	32 ETH
0x87bc0e21d7574f47385a39d9dac4321cf698469f3ab95d46f591f03ea0ba8ee9c3c5b7b446660b2599753d06ed0e15fe	32 ETH
0x87d289f5d5e0029e11273d7370a03d9ea52d6e98b8ea144733c88e636a9fbd46a7a361dc2437fbbbeb18cea63cdbe878	32 ETH
0x87d30dc7718d9cd1552999aa11515b8d8866f8e9e003fc066c68eb3024ca871a609ff8d5d208936d77b39f5430e106aa	32 ETH
0x87d3b4f9e0e9dc531cf9bb071a97dd761b4f2a7c59f17f0f0457cc9fb321f575617b5674d1e93d1c0c6b696074c20dbb	32 ETH
0x87da1b6895b54b4f662b39333d94637af138359a956edda76b55549d0d1b40a77ae3270aa34bf6ce07a8f5643b0a5f94	32 ETH
0x87dbba90777db543cec521b7272b20ccf23c3477b07afab93b3895d270c8cb5b77144675d684569671e6f17471b5c1c9	32 ETH
0x87dd6955807e0551deb91bac9d791ab61eb51527b35ca0610f97f3550131dfc26a305bc89f9b4ffcecc5c79893e3b104	32 ETH
0x87e83b0556d0f2da8c018d3dab04e878092112d8f0c83ec4ab58a11794696be39a8653547f08a4378fd8a4ca55077348	32 ETH
0x87eb475de594284d5b46bee62cf24933a4610e7df8eb69ae562dd0c0d4322f9573e27744517c9d3fae1ed52517080b1a	32 ETH
0x87ed9431b0b2c8c7ec8a59eea6debff3e498bcab2ef45f35c86bc60abd06bc4da408e8b1968bf0aa1991f1bf31e3aa9c	32 ETH
0x87ee757d3231af550449ae4f3a0f243c3c5747e68332297b3218400dc6699f8d5f550dbc43c040c41a278bf971ae456e	32 ETH
0x87eeb74594f0f776baa1ac292c23c9a8aef3760ebb760cde30d05dae0832d6f6058925ecab9908ac3d2c33e3226215db	32 ETH
0x87eff79947050218baa15ae00e38021ffd0fac5881d5a8456644fd3c92a526e67e74bcb70c8b353fe1294af4a2558714	32 ETH
0x87f633dfa706ff6278c63c333281ee34ca6c73518049b18f05715a2fc39b3f8842df45e9d77d1a5a6219ae1923349622	32 ETH
0x87f84ef4348edec2691177940928dac584dda013972ec4a3914af1d017b7b0e61b0543e6bdce508e2956ba40077a71bb	32 ETH
0x88089be2c5ef8403bdb3690a5bd71417663f227f49dc92a5d82cf24e1c11c960521f9ba3fb8aff0cc10c15183059aa4b	32 ETH
0x881010f5ca6fdc498b0afb636234d6bf7db9025e477dabbeaddd0994c651967f8b84c48d0b6ad230aff39bc052350128	32 ETH
0x8819a2fc0dbb1e2340bc10d109ecdaae95c8322d2c6535cdd7d9f8d2bb93b6da63fcdcd9b4b0d98375623fdc73dbe171	32 ETH
0x881a4e382c43f7b7fdff9b3ae5bc06b1c4de8ff42536fb18f6e930193ebe59d40779a0c238d85a5622a74c5573a1b1fd	32 ETH
0x8825530d8712cb99542b59488d8724b4a9c94998e2d8aa2a7dc2e5db85cb502ac493d182642016ca48cc5ae3189fd8d0	32 ETH
0x8825f8889921bb39ae998c4894df3898ab41fb3b3b3b3553e42b94841dafa7d430adb73b606c15afb79429da79a5f57b	32 ETH
0x88265c4ed8d88c17d2b7e888b350d0ab8e4436f54e608b792267128a3eccd7fb3e356e6d25a8169a105e5bf5d9275c9e	32 ETH
0x882754748bd8411d0667279b980f1fc970681883aa886defc488b2b8ee77dba3317915433af4fd3468419d61b3c71328	32 ETH
0x8828805e416eda9fe17548ffcb9cad51e63b0650ee1fba586b84a855bd0e276a4f37e3b91be5ac335a870bac1c4fec0e	32 ETH
0x882a69e5f75fa38515e14016a602352d8357b0145a0d05775669c726b10201c74b42be1c14cdf9e3da242c9815a8f50a	32 ETH
0x882dfe74c86dd2ad0ffecbb6d6cbe0fbb08b01d69f48c70bbb3890a48126290d5defc94c6f09814546977701061defed	32 ETH
0x882ebac71402d5626e2380339290a4178eb9c1ea6ded2544b2e520a87872cf6a8c23cdf4e99b7f1982af9dd51bf6644a	32 ETH
0x882ff63be390a70918fc587a2f650d3915dda8a53426f67e2f744c0969c59ed724ac8d536a3eb75f5c11e736cff52bfe	32 ETH
0x883ea68d14f6a5e529565ab4467d1276882eeab68edb4ce59d39c6bf771338f33ee88d8ae6656f16038d13dee037478a	32 ETH
0x8840e2562592fb9b1d9ca2fdc653664b662c7bc4ff5d67ed0b83ef8d0a33a35b5a7624fac46ef109ace46cf76b0cf9ea	32 ETH
0x8844af38978622ffce29d5c934aae1c55978bc68a76724da321b0f0ee3c9aedb88d760f4c28dbb2dcf1c3753aec7e9f0	32 ETH
0x8848a0a83c462e03725d69d618c78579c24446aaa95eee8b608aff7f07ab82cef3ff9c99e59999da4719491ada714941	32 ETH
0x884c3c201e150edf2cbb283184de8a0f0210dd77c55fa60010073cf2075850b9bb8233ba5802112a27a9baa10e588618	32 ETH
0x884fb1caebd02c5be74bca84f4052706e2d2c5d287dbde2925725513564f4504b9a183a14f8341c4d362091b1513a0cb	32 ETH
0x8851a1c062f176bf5021274570dcf25ef23780e45f628288c40fa72961614819fe16d9fb2b9d227d6898a06ca103687d	32 ETH
0x8854e894566288f18f422b4511e4091b5283e1f486c33b2f7c4739c99c625099efaa47e7f2f775ef47da53b88a0711ae	32 ETH
0x88565b08006f72b0cc2bb37962470a00583e75d23c2b020f9038c4f0e21c3180c2cea1a0a91b9cce6ad6b69aa8feafb2	32 ETH
0x8859ee182e022df48016a98f7a0c11e68b63b46f1922b4f8601b33679f01ebac3d30d0a06be01e833fcc26c9e613ec96	32 ETH
0x885e8db380ce1e97b2ffe7c94bf19254754b4be347438491b6c68c2a5ddf28945d2a4cd39476679a849767eee1af1147	32 ETH
0x885eeafa796522820a31e146d4f1dd487bddc52d23b477946ebb3b88c5fb7c2bd431d0b4357ea76962969f8416ee6fa1	32 ETH
0x886289557d3367f154add80be80cde6147007f27099a9f79f556babef16616aaf304a33d6cd3ab3cb1fc5e39d8c44b88	32 ETH
0x88686edabc5540ea9c31b60ecf8969acdfc434f7c355b55586ae40e4235dbd0bc76d7fe9c4c23941280d65101d012c0b	32 ETH
0x88691f000907c3587513cb203f61db7b93ca7755cf3ee80aec4faf7e00ffd43820d5cfcbc12a7a852fd48fbb3362920f	32 ETH
0x886effd9c147510a7a25436c9fc0e2123a044e4ac25fb56f63df88d8ae535bdbe061f1384512d0582d11ba197d61ab20	32 ETH
0x88728af188854a8f545b7f2fb21dc5b267c3cd0669fbd7ae0059cf9474c9818663f0103221e2b619f1ce7c27e98b35e5	32 ETH
0x88732e02f21f30872027ea66bac60f66d1c8131991422d520a7c324c7e4c1f54e26b755a4c40fbba3079247a6a244385	32 ETH
0x88738a29d4e5f77aa305cbe034559d70a205c09cf7324079456b85ab69266f0e32bb95a02996301ddaebf258754b2b4d	32 ETH
0x88754a82ffe4041ce33cfb071963352ee48f6d4ef0c60ee5705aee0e4917b2979758d2d3a11ef962d945315aa8ee6130	32 ETH
0x887af6f259618fd5d13d128ee18dd9c2a715d76bf526f7db5ff29dda676bdff61b3d157cefd6779de564eb88224d51ac	32 ETH
0x887d166f67f5a171ace3b81bd96546fbf3481b1d739186a0e83e6e281234439b7d30e3e4bb1b663d923c2774562a531d	32 ETH
0x887df302df8ab3f7145d59f5ca9b5b615c1982d59ae5a54f1d4be56f2b670dfa44096e8f07afcf1c29b2cc61fa91b658	32 ETH
0x888abb6b18b307e5817ae8babee8afa2ad2ba52ed20fc53e31a435cedfc94d8cf0e6bd86597c3386fdd945e430cf7e1a	32 ETH
0x888c2a9f9f19853d76de7647f8ecc6ffd32983cbf8b2aff6f9d0ad89754e25f8f6358c51d424aa27fb8e84bc8ae587f7	32 ETH
0x888ce40f6778b68ee56e3af929fd3d3f26bf2309931d69ace8355b4f98ec2e6854dacbc47cc794764cdd1d7636bd19d0	32 ETH
0x888f66a59c06bfe785be74d9dcb97f0d433d40569d1805415b58c8ff9a5b0f2b490b9ab4385468c8dfb0e006f746f42e	32 ETH
0x8890bb113bbc84c173f7618cc30dc9ebf68bac728cb915ed4d35876bab3af645f0953f4833acecf5ee948efce2062e82	32 ETH
0x8892a399c62f327c26c6b4ebf9ff6d3b3d0834bfe605d78456b682e9dce4b52c563aa174533b9c686c8d7807239e9f74	32 ETH
0x8896fb3b856ddfe9946316c57c30325b2b6290e52e17d991efeab1986bb908fff5a9f3ad9435ba19cca67db551cb4b8c	32 ETH
0x889d794191106b6bcd90b6e5fea0d6585d4c8b5cb8e471a0893f2fe2d0e59e71aee8196139b0c73004db630a5e888f21	32 ETH
0x88a0b60a87512662e6671e4ac9ab4b5bff168488ae5b4a226ea84d480475eacf32bc0d24d38faa3b992b0010ea98cbfd	32 ETH
0x88a28217149a5527e6e63b8b0bf952b70239948a785c9ec9d6338568ca0253d7773d9611c658610a6ac68137c830b026	32 ETH
0x88a8a5ef3b0bbc6e2876f7aa550212c9ccbaf0e6aaba5c6d5e55f1d0f16ef54e2b4187729b76f8ee467f2a9159d63750	32 ETH
0x88adcc7ce605faad72db6754bc3528c423eed5c94d13cb4dfa704f085a8abe08ef58e26126ee16823a74bdd126d08975	32 ETH
0x88aecd9c898329bd1bfaad265224a23009f2957e14f79b977d96b4f8781f615e9f80636c329a712d8d66f0d4366e6444	32 ETH
0x88b00ed9018b1a6b730898d5ea3920fb849a0e76a593b8235f6f054b4e1ff9b404095e4e70a76cf3fcc8d7db4be8b18a	32 ETH
0x88b2b5ac2bfe6599f226e34f633b082e3da79e36128027331d01caf82534bfc2cc2a73d7d09f54d78e4f4edfd89dc066	32 ETH
0x88b8b6631f88cc690518397ff3692363030055dbe758f5c6f85d35a01b43f0a1d897f3a963ae448b76b856d60db87d42	32 ETH
0x88c3d8e6ea21e3490b9504b1d09de92ed45ef42245a4b50c8484f55e11393c2e8fcba7216759d02902d212fd31dac05e	32 ETH
0x88c5a163fc83964b0d5659bb8231e43ca95b9bacbf7f86b30e7d4a40945dd03979414dbc97e56b1c4e8eb8a0fe421df7	32 ETH
0x88cb0d5b2110ff1a32c784eecc514444cd2ab216c05a787fb483c5ba2f8edc96ec734846eefced9b4021f1e7afafd5ec	32 ETH
0x88d72c1b84deb5e84b27e9d24e2546522d203830485f55fa168ba221d288d888b13b10e9d667391fcb9c8b0744b6f2f9	32 ETH
0x88d85cbe32e3e6c3e897ba885722132f5b1503960008501cb900f3357a050c722240c66ecbf4de64b5534181340a303a	32 ETH
0x88defd00982dc0a5beb1d9123fbf8d446e50435bd7e4ba234ecfc63df988cd752174ba858c7431bb91df698030e17316	32 ETH
0x88e04a96d3a0fba8937e25555331a3c01ccad677bc37f507b5a3c5b0368497483c4ee5c966af1475d04a7c00f7e4ac49	32 ETH
0x88e7a8ca3900bb957b4c5bffd1d405b197a3b4a0598d38593cace3f8c51e2521e3f263fa1f8c23b0bce1db681580c8fa	32 ETH
0x88e951b65ea15be965e74169e57ff5cecbf645eee9cf8c84f8050ed69a19def4eb3629ef258ca708a6e7b4d0a6b5e8a4	32 ETH
0x88eedeed1051f73097c09a11d6a2a688df6e0d4f38f483b0aeabe3430302a18191a6fb037415d3da6b51a47efebb70be	32 ETH
0x88f40363ad9667a64359faa08ffd7b19b956092d1d0048508e03b9d063cd8cc479d57bbc6d21fb9870bb73a0059531b5	32 ETH
0x88f417a9b9acfa7dbd57bd399352bc108182b61b2d6dc3b73c79b2a7195aed159dc1d2af3e801cffe55c997dfa3d3977	32 ETH
0x88f6faa9429675285902f60d416db4b48564994ba703df9a69ccf8045e58e375b32ed3566404bb2b06547a1dbc932fe9	32 ETH
0x88f9d819ec061968bd3e760d8b6be02915aff789c1a3eb2f41f42d98382ed4e8b19f98e6135574049131dc7a41155f8a	32 ETH
0x88fe73949d90f0c1d1df15ad7e5441f83867fe0d6d2257307eeb49fe696eeb58ee5340415187bedda62615e3fbb30cae	32 ETH
0x88fefb26fa345d2647f590af536b0bad8b90389488ecd5b76bcec61434fbc3342b1fc3aed03daf565462427849550cf8	32 ETH
0x89003e137de44597ff2d5d0daedb1e30a482006458784d2019c26eeab9021cbd19af6ed5678ccf6bc69367ab71ab3b50	32 ETH
0x89012246237475744cb9a45fbab41c78d04de49484db39762a7a2c41cfb695d9daa118f8033b032da040436bc8ef3089	32 ETH
0x89021bb38271d14b04a4fa5592f63917ad145e20ad790898d2d1b51ef603831484ad8dadfe41756852b9f55b31b11f01	32 ETH
0x8904cef198863b1a985e296865445a13f53b7b55a26f9a2b506a07e205fab10bef98463823139456dc3f2a1ceba01753	32 ETH
0x89058508304341d29c84b63bf7939ab70f4787a3a73522a288d905cd471973f219975976ec9bd04af731923683e6c304	32 ETH
0x8905dc79b0badc3e796dd9186834a8ced956e3ea33ca9aecf148ada22772f8df6e3d73f3a785b0b8a104f607653dfe52	32 ETH
0x8905fdd81bc05c57219cd4c35489283923807626034d4c7c449fe43393fe139dfcf82f205f70cecc635d0cf80ffddf73	32 ETH
0x890d81c3c8c5e3c165f889ccab258d55602771286d65bd97cc1373cdbedfa79b1ef078f791e3da4301c184810aca1fef	32 ETH
0x89160b30021e0c00a5e5d89c60bcf6fd40ab956367916b72d09ce148a1a2501212a473deca98bf23096650236ba44874	32 ETH
0x89162c7cbd65420218a388b0bc247a3f16adcea2d9f4096e2f481d34e0e7d6a9f49afd8311aeec88594738363cef1cda	32 ETH
0x89173809c9f333404f135076a0a47ae82f8ae1c4b5522df3eeda2ba9d3158c78fea4c99e1f4dc13679c04ba029374e21	32 ETH
0x891ba1ad49e5e32665aed9582860a4e0bceba1736d7b1928c8505419814fa372c826be4435e7211f6423497835c95e81	32 ETH
0x891bd7cf3dd9b5c1a544e93d88da89a20cb94d412c0b47cbac61d719827463feadf59a1fcaa093ed7e82cd90d3e19031	32 ETH
0x892197d9245a52f4926c6c93907986bf6e088b6ba7f154c0a2ee6173c7f3be5dccb46b36d7bf1d8bdba0119c3da5b46e	32 ETH
0x8925144eae734c8284c6b42c1a7c2cf698036fe9d2ac3328f370aedb5ec3af071c71e5acb63075c245c601f87f8c5df1	32 ETH
0x892656578c2c39eeb41e2a976d69ae7b00c3e008de5cd87fa4a5c85d2a1809b76b909c4d5aff0df583bed19617d481e8	32 ETH
0x89294cdd4dbcf920cf36c44cccf2e36fc67ccc45cf01f44a82582825e65b1eef23ae02d587107080711fe8ff7cd42e2c	32 ETH
0x892c68f2b895c48d0b312a0019b84db881f595339164e7982cc2d83059adead7b547b13d792017018ab46a59eec6eab8	32 ETH
0x8934028d84e9dbc0e85520d4d54f2bd3e7f7e0c28af5dd5eba9b778a118c0a957da5dc7659dc9cd5bf4b6cf7c783de1d	32 ETH
0x8934811dec14ba7279ee36378b7f9577ba554ca95f6401911a5f12144b0a3d8dde199ff973f59329dc29a736fa582a0f	32 ETH
0x8936913c6c00612fb8ecc5f15ac87142a1c64df19b3ac848083902460561f75987eee9bf45f300f6101fca88385c6b69	32 ETH
0x89393c19788359ae8e60d949b9a1ff4c4c881e619450c9d0d400bf94daae7cd65a0ae1f8f27242b834651010dd369b21	32 ETH
0x893d4a04090d05bb87647174369093889162a0646e43ffc3fea37a25cad1bca0084147c27792386540f786acf930e432	32 ETH
0x8946199c8c9f7cbcd491074b0a0e261095b5adc09fd264297a8ea23cba8256b29c36dfe61d25d2cf4f4f8ea9c06ef111	32 ETH
0x894997a57f613de3d4c19aad881cc32434e8ed2c60508326ac57e7e64c34595e8d070bab8b8ef2e77769c7fbab26c4e7	32 ETH
0x894c17bb5d23f27725bc87383756f2e64382576e49027cdef05a08900942876934e709fc97b7fde31f89a74bdbd20a86	32 ETH
0x8952398e75cb8fe0840f716134f0a66a8c7ebfbf878a50567d6f9c91422cd12aade759094facf213e06246cb4dcede34	32 ETH
0x89583ac24682ba75d84972dff098d2ca28037c4be6fddfb06515939bf85837b80b0ef40a0667206b876126e62164a731	32 ETH
0x8963bf4636f4636150eca808f364d0ad446f705396f40b20cf99d10727e5f67837516f96aa8511ee529adcfaf1c02dc2	32 ETH
0x8964a266a53130e97d60ad49005caf141cc06d7ac8459bc571c41301eec380507f9563f94b77f66e66e679742c5aa4b2	32 ETH
context deadline exceeded
0x8968872dc573867fe77817b00623df369cbc883bb88f855a1745e384f2c434d94aadcc57882f1e7c88ace90c2e210110	
context deadline exceeded
0x89693bc2df4f8c10d955c59574509ddf9a980338ef01316be9bd98f2636a0a4210ae76f11c5ef7ab0aeeef4d9790b799	
0x896b4fc78e2a187422b2046c6fa3cae5e516db49a0332277008ecb8d99ac8cf67ada948c1f87862f39933a775b625298	32 ETH
0x896d18b0a82fd7e7d592297ad79693bf18ddcbbd09596cadfb89108e5b10e7ef5d8aa46d96987bdd3ad4d80ead359504	32 ETH
context deadline exceeded
0x896fe87aee85cd655735fbdf38254ead0288639406227f99d51535f22821ae9a452de21bb30e748ded0fd0f8777523cc	
0x89716c04d4307fd544a64867e3ed20919278686e091d5bed2fa7c462c099731a000b32884f3a832d3f018d242a773b48	32 ETH
0x89724d3d6ddcd498b89aae2dfb40145a5e389311dc2c5c69efc342d2e12f3d93f9be223ca5220061bcd1e8d7d31b17a2	32 ETH
0x89729d77ed41a329d849fbbb90b4906bd1242c3e058dc44b92a841e35c404c7e696e74d9ddb51d245212f50297c4f1d1	32 ETH
0x897e77ff108c83626086b5c05c4419d659e667e23d9c45d2faa3a207b8ab60ea88e9b51e113a21f922e40ef863de711c	32 ETH
0x8980f2f93f0f2a8ca07363afad89925d6406912749d0200a21918c304ef70268227fe512f57ea986525e860a7832a5dd	32 ETH
0x898f56af861f83b4ea0dd51adee666a8241c16ebc2bc7073b07c7da7c2d8205eb7d2af4f8515230c151c9c159e8a4dcd	32 ETH
0x899d8dc3d792b24d960b80d8771ef39dafb8d913be4f7ed1e06a010e2b0372528e91836f30a7a05a5908b99309eef019	32 ETH
0x899f210d86649194dfe87497ff53271b3b11617baeb1d7d9c82b369e2b62e3459f56b21981af40fd4e2a73b7ee087d6e	32 ETH
0x89a16d6c20509ae37fba58aefc12af0b29adcb4877bc857f423cd48f733889576c2bf68a1bdbd72d84151df22305236c	32 ETH
0x89ad2e8c2095b415aee4ac5166f568098c4cd2b8cd8e5ae5deac0474356838a687ba6bac3d5e58820194aab6406e92b8	32 ETH
0x89ad3f4778baec95aa4d1d12b1f534d1ccc448f0111546ab898cd2c0155af996f4aab6e8c4c4cb8f2e793b419304ee91	32 ETH
0x89b1a809a23bfa03379c7a14ec517b9308a43e87156be81cf4cd09e9291b1d904d04b9956feff7abe5323fadeb02624d	32 ETH
0x89b939ba6dbbf72695b11917e03288bf74ede4e47580eb407cc85d70d1cd52dcce159e79e414b3682f6c73084f79b344	32 ETH
0x89b995084e0dfc29b0b3302185365e92ae131b7d628582697a60cfd5c8a3023143759340fbbbd5a33ae293f81d2e631a	32 ETH
0x89c086a0960ad45a0a1684b85d22170b18f270ebe18a6ffc45f0e4032cd4c6e1ac4567f920279cd7b78321f7481046e8	32 ETH
0x89c3a70d5c3e0ec5b15265d55c387db8d3a726821de876a96fc0ab046c0aeaf979d8809d01968590ee1a1a32203562f1	32 ETH
0x89c5ae59a3ca8095928836922f01aec5dfcd8430eed08a207102258b7666e6868715b62fc1d834b89fe27cdefb6abda0	32 ETH
0x89c776f6af09932390590943199fb9a80f9cba6cbb5e4adef463d623d665edd63950ab8c52dc273450d17b7f2999fe7a	32 ETH
context deadline exceeded
0x89cf9a03bd5cb36f54f17c0387ffffab71b155ba34cfbd24bab76260eaf587d251b24550205c07789163932cc9dc98fd	
context deadline exceeded
0x89cff8603cbeb2fd6d1ab4d9fe336ac7db2bf64684149a406e7ed0191e920df4ffc6e308f29f35f7053ba76cbfa2639d	
context deadline exceeded
0x89d232cb0bfdda4a46ffebbf1f01428bea426636987686818a9b856e2bd5ef86c7869bfbbd4d80ee7a2acaa97aa1115c	
0x89db90ffde1ef2ef3930584e0598a6480df0e8efd98818c853a4a119e60eb2727285fb322ad7dcec54781a69278b1aa2	32 ETH
0x89dd6c0fa842b3b3b49674967ce0c05954669d9cac03bf8ffcb740a54a4147769e46d6ccc3b4a2e964d441de6d522b66	32 ETH
0x89df31132ef99b6c57c1ce386b3378f225c7372dd47550a634681d057c7b6e69cefec1a2be2d01496ea4402c694baeb1	32 ETH
0x89df425bec226d475ddc68472ff1d58d28678c8c74cae6de7a4307856e8576f07e705b20c425775433c381227ddfda52	32 ETH
0x89df86b991d4c745f169066dde5da996e3b7ac13de38906e5879805fcefaf7d3b2bff2f3e615a62e7481872d188203d6	32 ETH
0x89dfb207e9825caef79818c5ab2f9ee6041ff8e83a5941aad006a0661efae9e50716ca0ed85e5e0c34df57d35c71627f	32 ETH
0x89e64a746cf9aa2a9ebe41548c50c5c4260f4f304506ac43f9e844a1e9d9b3fbad0112cec7e89d777893f46957b732b4	32 ETH
0x89e714f068decc94f5462ec75a7d5c1f63c3d643fde83b6c69e7febea771955ee9f70e08cfae0ef9c66ec3b2e33d6de2	32 ETH
context deadline exceeded
0x89ecaf299d803662aa977671bd4946ab0c8fc4b87c25c9535f8ba3fce7aeec1b366c2692131ec5a9044840f583de653b	
context deadline exceeded
0x89f124d7e2af7c52f956b3936ceb8e9eae75fdc773eb10383abc6fe8bc0cf3a93f965d963e1163ae45926bb3d6d60edc	
0x89f31779ed6b084a81b4b4e56ade3921eda85102ea94a86d96d8eac789f4f1138014fe4ec612a73ef184f52d1a98ac4b	32 ETH
0x89f39c3349108128cda84ff4aec280a5d5784cd5dec3cb5d21f32c0971a7b576919aa762c7b79dcc3fa3151a3fc6744b	32 ETH
0x89f508f1aabacdded803b5bd8eec50e2256706cc002e098dfba2d76a122f842dd1b9a7f0b931a16638106992d2d243a6	32 ETH
0x89f58f1844a9587b41364fb8fec2a9dadd4c007cef3c27cee58c513ff9cd49325c638cb9b097cbfd314647b543c523da	32 ETH
0x89f647070187f23993c20f4af37bd582cd7474ae34cbabab98947a2c9564070c680837b59b36e3ee537e70d14f73be11	32 ETH
0x89fe2f66098e7ede793ab20bbfb9021566ce7667593fb52580135e494ca44a1a0700814d3cfbc0ab58b902c9b4e97d3e	32 ETH
0x89ff25f3956276d877372df8642ac1ac27b5c1d5f1d3615a73fb7770f05de91b4e0cb5e638453b18934aeda6c5327658	32 ETH
0x89ff701c083ea64076f559403d08fac2e53ffd5c78faddf4ddbebe940e6a7e0d6e6134ea0ab7d0d44db52c26faa6dd52	32 ETH
0x8a008d745d68fa373a711d7253106db61a3dbcb625253e1f7ba4b303b21c31145b692896b223ae3d0c7c3f44f7156fdb	32 ETH
0x8a0609e8ac43108e7d5c4816e3366b6b86f172ebb6ee6d43931cb6c42ac3594c059717f101415ae75b801341b2b8a636	32 ETH
0x8a06998dba605c01f7723bc211cdf12956017ea116748f560015583213643e6e76f8a0f105165facccb317e4a0886662	32 ETH
0x8a07102f36c9448019f1682804b3990d097501796f5cc4030c6ca47c374603a37066384763e17554b3b18b6808567c84	32 ETH
0x8a18fd25a548c6865d42e5ea9df6cb4b53126d80f4df41725c31eaec548e97b5e29424ee117a599f0bc103eda81c33e9	32 ETH
0x8a2412e9337634244c3ef98091ac2c312aad80f0b067e42790b456559446ae2b094cdb7dcb2599801922e341362f8567	32 ETH
0x8a272c207fa9efbf84cd61114e2a71719e78ea12436a76181fbca4507fc4d2f2009c6de5167634a3d07b2fc97d4ddb9a	32 ETH
0x8a2987407c65d04ec54d75958f4f8f7ca7846257dbb0a622f5298d40c115c57882c2aedf689b5cafe42fc782fe77bc67	32 ETH
0x8a2bf318d0c7e6de44835b84da7c9d0d5b778475aa0853ded9d2b059239cd13de0e94b40a78a0efcffa4f13617eba0a7	32 ETH
0x8a30e16e0376d14f491a9c485f972ee874e6ac353cddc94fce1a9578567f65147d19b74f672ac6b9f986f5d0d8c2d316	32 ETH
0x8a3c79f1c66ed028d1cdd8732e843f84b2f28705f379ab76033b278c2148b6a977083a50ad7b12d15a359f89ed1aa30c	32 ETH
0x8a3d926655a99d1c09bccb5ac9a467215e51c2ecbd88832a8e90078f5e30c7cb7e5f8b9953876d41ab5569f2abd901f4	32 ETH
0x8a49c3871454a936aaaf40f2df75a4dca92148f9a7cd949c66d44395e7ef4093181142af255fe520dc0257d80d88e200	32 ETH
0x8a5cfb847eb2123d4ec5955bc4cf39f365cb28cae1940ba2cf41f73726c96a1394d039c28cd2151bf5278ae42826fe91	32 ETH
0x8a5f9522a0208fb146b63827320c958d3f54f7506ed69e97f5c222bd6caeab848f64c3745de6423560b7a4c382424302	32 ETH
0x8a6639040fe36370a75534b3396abf1bd8970d2dc365e9ddafea919565b0893d6b5f760ce00640f7772131c06ce06055	32 ETH
0x8a6898785a3cf2cc8274d05c3b9bb92d5afaad919497e9460ea3816984fd956349748ca6ec2ebe4c32488ec18fa65c4d	32 ETH
0x8a6dbb08986646766a040f42121d3a3ab0b751db9384480fc12a41d51778b6c7ff5ef17e171799578d3989d223ea8819	32 ETH
0x8a712786e295301d1d40d375d492924b2c67584b5ffa3804641368d7f0a4298df86775d9bc3e8c29057a78465d0c70fd	32 ETH
0x8a72e22c534da0ce8146d75b81e40f37e58fef7d025cf9057db8ef7075ce10a1d05107f6b67316cbe06a8be987ab563c	32 ETH
